[12-04-2025][08:29:56] - Successfully started decryption process with PID 3890.
[12-04-2025][09:42:28] - design_sketch.psd - Successfully moved to quarantine directory.
[12-04-2025][09:42:28] - ransomware_script.bat - Successfully moved to quarantine directory.
[12-04-2025][09:42:28] - password_stealer.exe - Successfully moved to quarantine directory.
[12-04-2025][09:42:28] - budget.xlsx - Successfully moved to quarantine directory.
[12-04-2025][09:42:28] - report.docx - Successfully moved to quarantine directory.
[12-04-2025][09:42:28] - research_data.csv - Successfully moved to quarantine directory.
[12-04-2025][09:42:28] - draft_paper.docx - Successfully moved to quarantine directory.
[12-04-2025][09:42:28] - notes.txt - Successfully moved to quarantine directory.
[12-04-2025][09:42:28] - phishing_tool.jar - Successfully moved to quarantine directory.
[12-04-2025][09:42:28] - backdoor_access.vbs - Successfully moved to quarantine directory.
[12-04-2025][09:42:28] - data_analysis.xlsx - Successfully moved to quarantine directory.
[12-04-2025][09:42:28] - instructions.pdf - Successfully moved to quarantine directory.
[12-04-2025][09:42:28] - worm_spread.py - Successfully moved to quarantine directory.
[12-04-2025][09:42:28] - exploit_code.js - Successfully moved to quarantine directory.
[12-04-2025][09:42:28] - rootkit_hidden.sys - Successfully moved to quarantine directory.
[12-04-2025][09:42:28] - meeting_minutes.pdf - Successfully moved to quarantine directory.
[12-04-2025][09:42:28] - keylogger.dll - Successfully moved to quarantine directory.
[12-04-2025][09:42:28] - references.docx - Successfully moved to quarantine directory.
[12-04-2025][09:42:28] - assignment.pdf - Successfully moved to quarantine directory.
[12-04-2025][09:42:28] - project_plan.docx - Successfully moved to quarantine directory.
[12-04-2025][09:42:28] - malicious_payload.bin - Successfully moved to quarantine directory.
[12-04-2025][09:42:28] - summary.txt - Successfully moved to quarantine directory.
[12-04-2025][09:42:28] - trojan.exe - Successfully moved to quarantine directory.
[12-04-2025][09:42:28] - schedule.ics - Successfully moved to quarantine directory.
[12-04-2025][09:42:28] - presentation.pptx - Successfully moved to quarantine directory.
[12-04-2025][09:43:27] - design_sketch.psd - Successfully moved to starter kit directory.
[12-04-2025][09:43:27] - ransomware_script.bat - Successfully moved to starter kit directory.
[12-04-2025][09:43:27] - password_stealer.exe - Successfully moved to starter kit directory.
[12-04-2025][09:43:27] - budget.xlsx - Successfully moved to starter kit directory.
[12-04-2025][09:43:27] - report.docx - Successfully moved to starter kit directory.
[12-04-2025][09:43:27] - research_data.csv - Successfully moved to starter kit directory.
[12-04-2025][09:43:27] - draft_paper.docx - Successfully moved to starter kit directory.
[12-04-2025][09:43:27] - notes.txt - Successfully moved to starter kit directory.
[12-04-2025][09:43:27] - phishing_tool.jar - Successfully moved to starter kit directory.
[12-04-2025][09:43:27] - backdoor_access.vbs - Successfully moved to starter kit directory.
[12-04-2025][09:43:27] - data_analysis.xlsx - Successfully moved to starter kit directory.
[12-04-2025][09:43:27] - instructions.pdf - Successfully moved to starter kit directory.
[12-04-2025][09:43:27] - worm_spread.py - Successfully moved to starter kit directory.
[12-04-2025][09:43:27] - exploit_code.js - Successfully moved to starter kit directory.
[12-04-2025][09:43:27] - rootkit_hidden.sys - Successfully moved to starter kit directory.
[12-04-2025][09:43:27] - meeting_minutes.pdf - Successfully moved to starter kit directory.
[12-04-2025][09:43:27] - keylogger.dll - Successfully moved to starter kit directory.
[12-04-2025][09:43:27] - references.docx - Successfully moved to starter kit directory.
[12-04-2025][09:43:27] - assignment.pdf - Successfully moved to starter kit directory.
[12-04-2025][09:43:27] - project_plan.docx - Successfully moved to starter kit directory.
[12-04-2025][09:43:27] - malicious_payload.bin - Successfully moved to starter kit directory.
[12-04-2025][09:43:27] - summary.txt - Successfully moved to starter kit directory.
[12-04-2025][09:43:27] - trojan.exe - Successfully moved to starter kit directory.
[12-04-2025][09:43:27] - schedule.ics - Successfully moved to starter kit directory.
[12-04-2025][09:43:27] - presentation.pptx - Successfully moved to starter kit directory.
[12-04-2025][12:40:53] - Successfully started decryption process with PID 4915.
